d:\repos\drivers\exercise3\exercise3\x64\release\vc141.pdb
d:\repos\drivers\exercise3\exercise3\x64\release\drivermain.obj
d:\repos\drivers\exercise3\exercise3\x64\release\ip_ops.obj
d:\repos\drivers\exercise3\x64\release\exercise3\exercise3.cat
d:\repos\drivers\exercise3\x64\release\exercise3.sys
d:\repos\drivers\exercise3\exercise3\x64\release\exercise3.inf
d:\repos\drivers\exercise3\x64\release\exercise3.cer
d:\repos\drivers\exercise3\x64\release\exercise3.inf
d:\repos\drivers\exercise3\x64\release\exercise3.pdb
d:\repos\drivers\exercise3\exercise3\x64\release\exercise3.tlog\cl.command.1.tlog
d:\repos\drivers\exercise3\exercise3\x64\release\exercise3.tlog\cl.read.1.tlog
d:\repos\drivers\exercise3\exercise3\x64\release\exercise3.tlog\cl.write.1.tlog
d:\repos\drivers\exercise3\exercise3\x64\release\exercise3.tlog\inf2cat-expand.12388.read.1.tlog
d:\repos\drivers\exercise3\exercise3\x64\release\exercise3.tlog\inf2cat-expand.12388.write.1.tlog
d:\repos\drivers\exercise3\exercise3\x64\release\exercise3.tlog\inf2cat-expand.13340.read.1.tlog
d:\repos\drivers\exercise3\exercise3\x64\release\exercise3.tlog\inf2cat-expand.13340.write.1.tlog
d:\repos\drivers\exercise3\exercise3\x64\release\exercise3.tlog\inf2cat-expand.14008.read.1.tlog
d:\repos\drivers\exercise3\exercise3\x64\release\exercise3.tlog\inf2cat-expand.14008.write.1.tlog
d:\repos\drivers\exercise3\exercise3\x64\release\exercise3.tlog\inf2cat-expand.14900.read.1.tlog
d:\repos\drivers\exercise3\exercise3\x64\release\exercise3.tlog\inf2cat-expand.14900.write.1.tlog
d:\repos\drivers\exercise3\exercise3\x64\release\exercise3.tlog\inf2cat-expand.15428.read.1.tlog
d:\repos\drivers\exercise3\exercise3\x64\release\exercise3.tlog\inf2cat-expand.15428.write.1.tlog
d:\repos\drivers\exercise3\exercise3\x64\release\exercise3.tlog\inf2cat-expand.16020.read.1.tlog
d:\repos\drivers\exercise3\exercise3\x64\release\exercise3.tlog\inf2cat-expand.16020.write.1.tlog
d:\repos\drivers\exercise3\exercise3\x64\release\exercise3.tlog\inf2cat-expand.16152.read.1.tlog
d:\repos\drivers\exercise3\exercise3\x64\release\exercise3.tlog\inf2cat-expand.16152.write.1.tlog
d:\repos\drivers\exercise3\exercise3\x64\release\exercise3.tlog\inf2cat-expand.16564.read.1.tlog
d:\repos\drivers\exercise3\exercise3\x64\release\exercise3.tlog\inf2cat-expand.16564.write.1.tlog
d:\repos\drivers\exercise3\exercise3\x64\release\exercise3.tlog\inf2cat-expand.3948.read.1.tlog
d:\repos\drivers\exercise3\exercise3\x64\release\exercise3.tlog\inf2cat-expand.3948.write.1.tlog
d:\repos\drivers\exercise3\exercise3\x64\release\exercise3.tlog\inf2cat-expand.4228.read.1.tlog
d:\repos\drivers\exercise3\exercise3\x64\release\exercise3.tlog\inf2cat-expand.4228.write.1.tlog
d:\repos\drivers\exercise3\exercise3\x64\release\exercise3.tlog\inf2cat-expand.4552.read.1.tlog
d:\repos\drivers\exercise3\exercise3\x64\release\exercise3.tlog\inf2cat-expand.4552.write.1.tlog
d:\repos\drivers\exercise3\exercise3\x64\release\exercise3.tlog\inf2cat-expand.6528.read.1.tlog
d:\repos\drivers\exercise3\exercise3\x64\release\exercise3.tlog\inf2cat-expand.6528.write.1.tlog
d:\repos\drivers\exercise3\exercise3\x64\release\exercise3.tlog\inf2cat-expand.6704.read.1.tlog
d:\repos\drivers\exercise3\exercise3\x64\release\exercise3.tlog\inf2cat-expand.6704.write.1.tlog
d:\repos\drivers\exercise3\exercise3\x64\release\exercise3.tlog\inf2cat-expand.740.read.1.tlog
d:\repos\drivers\exercise3\exercise3\x64\release\exercise3.tlog\inf2cat-expand.740.write.1.tlog
d:\repos\drivers\exercise3\exercise3\x64\release\exercise3.tlog\inf2cat-expand.7744.read.1.tlog
d:\repos\drivers\exercise3\exercise3\x64\release\exercise3.tlog\inf2cat-expand.7744.write.1.tlog
d:\repos\drivers\exercise3\exercise3\x64\release\exercise3.tlog\inf2cat-expand.read.1.tlog
d:\repos\drivers\exercise3\exercise3\x64\release\exercise3.tlog\inf2cat-expand.write.1.tlog
d:\repos\drivers\exercise3\exercise3\x64\release\exercise3.tlog\inf2cat.command.1.tlog
d:\repos\drivers\exercise3\exercise3\x64\release\exercise3.tlog\inf2cat.read.1.tlog
d:\repos\drivers\exercise3\exercise3\x64\release\exercise3.tlog\inf2cat.read.9.tlog
d:\repos\drivers\exercise3\exercise3\x64\release\exercise3.tlog\inf2cat.write.1.tlog
d:\repos\drivers\exercise3\exercise3\x64\release\exercise3.tlog\inf2cat.write.9.tlog
d:\repos\drivers\exercise3\exercise3\x64\release\exercise3.tlog\link.command.1.tlog
d:\repos\drivers\exercise3\exercise3\x64\release\exercise3.tlog\link.read.1.tlog
d:\repos\drivers\exercise3\exercise3\x64\release\exercise3.tlog\link.write.1.tlog
d:\repos\drivers\exercise3\exercise3\x64\release\exercise3.tlog\signtool.command.1.tlog
d:\repos\drivers\exercise3\exercise3\x64\release\exercise3.tlog\signtool.read.1.tlog
d:\repos\drivers\exercise3\exercise3\x64\release\exercise3.tlog\signtool.timestamp.1.tlog
d:\repos\drivers\exercise3\exercise3\x64\release\exercise3.tlog\signtool.write.1.tlog
d:\repos\drivers\exercise3\exercise3\x64\release\exercise3.tlog\stampinf.command.1.tlog
d:\repos\drivers\exercise3\exercise3\x64\release\exercise3.tlog\stampinf.read.1.tlog
d:\repos\drivers\exercise3\exercise3\x64\release\exercise3.tlog\stampinf.write.1.tlog
